<?xml version="1.0" encoding="UTF-8"?>
<coverage generated="1642042431258" clover="3.2.0">
  <project timestamp="1642042431258" name="All files">
    <metrics statements="17" coveredstatements="17" conditionals="7" coveredconditionals="7" methods="3" coveredmethods="3" elements="27" coveredelements="27" complexity="0" loc="17" ncloc="17" packages="1" files="1" classes="1"/>
    <file name="index.ts" path="/home/runner/work/date-formatter/date-formatter/src/index.ts">
      <metrics statements="17" coveredstatements="17" conditionals="7" coveredconditionals="7" methods="3" coveredmethods="3"/>
      <line num="2" count="1" type="stmt"/>
      <line num="3" count="1" type="stmt"/>
      <line num="15" count="29" type="cond" truecount="1" falsecount="0"/>
      <line num="16" count="4" type="stmt"/>
      <line num="17" count="4" type="stmt"/>
      <line num="20" count="29" type="stmt"/>
      <line num="21" count="51" type="stmt"/>
      <line num="22" count="51" type="stmt"/>
      <line num="23" count="51" type="stmt"/>
      <line num="24" count="51" type="cond" truecount="1" falsecount="0"/>
      <line num="25" count="13" type="stmt"/>
      <line num="27" count="51" type="cond" truecount="1" falsecount="0"/>
      <line num="28" count="27" type="stmt"/>
      <line num="30" count="51" type="cond" truecount="2" falsecount="0"/>
      <line num="31" count="51" type="cond" truecount="2" falsecount="0"/>
      <line num="35" count="1" type="stmt"/>
      <line num="36" count="9" type="stmt"/>
    </file>
  </project>
</coverage>
