{"/home/runner/work/date-formatter/date-formatter/src/index.ts": {"path":"/home/runner/work/date-formatter/date-formatter/src/index.ts","statementMap":{"0":{"start":{"line":2,"column":18},"end":{"line":2,"column":61}},"1":{"start":{"line":3,"column":17},"end":{"line":12,"column":2}},"2":{"start":{"line":15,"column":2},"end":{"line":18,"column":null}},"3":{"start":{"line":16,"column":4},"end":{"line":16,"column":15}},"4":{"start":{"line":17,"column":4},"end":{"line":17,"column":23}},"5":{"start":{"line":20,"column":2},"end":{"line":32,"column":5}},"6":{"start":{"line":21,"column":17},"end":{"line":21,"column":30}},"7":{"start":{"line":22,"column":18},"end":{"line":22,"column":25}},"8":{"start":{"line":23,"column":15},"end":{"line":23,"column":22}},"9":{"start":{"line":24,"column":4},"end":{"line":26,"column":null}},"10":{"start":{"line":25,"column":6},"end":{"line":25,"column":38}},"11":{"start":{"line":27,"column":4},"end":{"line":29,"column":null}},"12":{"start":{"line":28,"column":6},"end":{"line":28,"column":24}},"13":{"start":{"line":30,"column":16},"end":{"line":30,"column":60}},"14":{"start":{"line":31,"column":4},"end":{"line":31,"column":44}},"15":{"start":{"line":35,"column":0},"end":{"line":37,"column":null}},"16":{"start":{"line":36,"column":2},"end":{"line":36,"column":36}}},"fnMap":{"0":{"name":"formatter","decl":{"start":{"line":14,"column":9},"end":{"line":14,"column":18}},"loc":{"start":{"line":14,"column":59},"end":{"line":33,"column":1}}},"1":{"name":"(anonymous_1)","decl":{"start":{"line":20,"column":32},"end":{"line":20,"column":33}},"loc":{"start":{"line":20,"column":74},"end":{"line":32,"column":4}}},"2":{"name":"(anonymous_2)","decl":{"start":{"line":35,"column":16},"end":{"line":35,"column":17}},"loc":{"start":{"line":35,"column":42},"end":{"line":37,"column":1}}}},"branchMap":{"0":{"loc":{"start":{"line":15,"column":2},"end":{"line":18,"column":null}},"type":"if","locations":[{"start":{"line":15,"column":2},"end":{"line":18,"column":null}},{"start":{"line":15,"column":2},"end":{"line":18,"column":null}}]},"1":{"loc":{"start":{"line":24,"column":4},"end":{"line":26,"column":null}},"type":"if","locations":[{"start":{"line":24,"column":4},"end":{"line":26,"column":null}},{"start":{"line":24,"column":4},"end":{"line":26,"column":null}}]},"2":{"loc":{"start":{"line":27,"column":4},"end":{"line":29,"column":null}},"type":"if","locations":[{"start":{"line":27,"column":4},"end":{"line":29,"column":null}},{"start":{"line":27,"column":4},"end":{"line":29,"column":null}}]},"3":{"loc":{"start":{"line":30,"column":44},"end":{"line":30,"column":51}},"type":"binary-expr","locations":[{"start":{"line":30,"column":44},"end":{"line":30,"column":51}},{"start":{"line":30,"column":55},"end":{"line":30,"column":56}}]},"4":{"loc":{"start":{"line":31,"column":32},"end":{"line":31,"column":36}},"type":"binary-expr","locations":[{"start":{"line":31,"column":32},"end":{"line":31,"column":36}},{"start":{"line":31,"column":40},"end":{"line":31,"column":42}}]}},"s":{"0":1,"1":1,"2":29,"3":4,"4":4,"5":29,"6":51,"7":51,"8":51,"9":51,"10":13,"11":51,"12":27,"13":51,"14":51,"15":1,"16":9},"f":{"0":29,"1":51,"2":9},"b":{"0":[4,25],"1":[13,38],"2":[27,24],"3":[51,36],"4":[51,50]}}
}
